<?xml version="1.0" encoding="UTF-8"?>
<!-- Generated by org.testng.reporters.JUnitReportReporter -->
<testsuite ignored="4" hostname="LAPTOP-T6UPED1C" failures="0" tests="1" name="com.Demo1.first" time="0.012" errors="0" timestamp="22 Jan 2020 19:01:14 GMT" skipped="0">
  <testcase classname="com.Demo1.first" name="end" time="0.012"/>
  <testcase classname="com.Demo1.first" name="start">
    <skipped/>
  </testcase> <!-- start -->
  <testcase classname="com.Demo2.Day1" name="office">
    <skipped/>
  </testcase> <!-- office -->
  <testcase classname="com.Demo2.Day1" name="home">
    <skipped/>
  </testcase> <!-- home -->
  <testcase classname="com.Demo1.second" name="secondfirst">
    <skipped/>
  </testcase> <!-- secondfirst -->
</testsuite> <!-- com.Demo1.first -->
