<?xml version="1.0" encoding="UTF-8"?>
<!-- Generated by org.testng.reporters.JUnitReportReporter -->
<testsuite ignored="1" hostname="LAPTOP-T6UPED1C" failures="0" tests="2" name="com.Demo2.Day1" time="0.004" errors="0" timestamp="31 Jul 2019 16:05:26 GMT" skipped="0">
  <testcase classname="com.Demo2.Day1" name="home" time="0.003"/>
  <testcase classname="com.Demo2.Day1" name="office" time="0.001"/>
  <testcase classname="com.Demo1.first" name="start">
    <skipped/>
  </testcase> <!-- start -->
</testsuite> <!-- com.Demo2.Day1 -->
