<?xml version="1.0" encoding="UTF-8"?>
<!-- Generated by org.testng.reporters.JUnitReportReporter -->
<testsuite ignored="0" hostname="LAPTOP-T6UPED1C" failures="0" tests="1" name="com.Demo1.second" time="0.004" errors="0" timestamp="22 Jan 2020 19:04:50 GMT" skipped="0">
  <testcase classname="com.Demo1.second" name="secondfirst" time="0.004"/>
</testsuite> <!-- com.Demo1.second -->
