<?xml version="1.0" encoding="UTF-8"?>
<!-- Generated by org.testng.reporters.JUnitReportReporter -->
<testsuite ignored="0" hostname="LAPTOP-T6UPED1C" failures="0" tests="1" name="com.Learning.Parameterisation" time="6.353" errors="0" timestamp="25 Jan 2020 05:10:11 GMT" skipped="0">
  <testcase classname="com.Learning.Parameterisation" name="Logincheck" time="6.353"/>
</testsuite> <!-- com.Learning.Parameterisation -->
